
13
12
11
10
9
8
7
6
5
4
3
2
1
1
214
213
212
211
210
209
208
207
206
205
204
203
202
201
200
199
198
197
196
195
194
193
192
191
190
189
188
187
186
185
184
183
182
181
180
179
178
177
176
175
174
173
172
171
170
169
168
167
166
165
164
163
162
161
160
159
158
157
156
155
154
153
152
151
150
149
148
147
146
145
144
143
142
141
140
139
138
137
136
135
134
133
132
131
130
129
128
127
126
125
124
123
122
121
120
119
118
117
116
115
114
113
112
111
110
109
108
107
106
105
104
103
102
101
100
99
98
97
96
95
94
93
92
91
90
89
88
87
86
85
84
83
82
81
80
79
78
77
76
75
74
73
72
71
70
69
68
67
66
65
64
63
62
61
60
59
58
57
56
55
54
53
52
51
50
49
48
47
46
45
44
43
42
41
40
39
38
37
36
35
34
33
32
31
30
29
28
27
26
25
24
23
22
21
20
19
18
17
16
15
14
13
12
11
10
9
8
7
6
5
4
3
2
1
1
303
302
301
300
299
298
297
296
295
294
293
292
291
290
289
288
287
286
285
284
283
282
281
280
279
278
277
276
275
274
273
272
271
270
269
268
267
266
265
264
263
262
261
260
259
258
257
256
255
254
253
252
251
250
249
248
247
246
245
244
243
242
241
240
239
238
237
236
235
234
233
232
231
230
229
228
227
226
225
224
223
222
221
220
219
218
217
216
215
214
213
212
211
210
209
208
207
206
205
204
203
202
201
200
199
198
197
196
195
194
193
192
191
190
189
188
187
186
185
184
183
182
181
180
179
178
177
176
175
174
173
172
171
170
169
168
167
166
165
164
163
162
161
160
159
158
157
156
155
154
153
152
151
150
149
148
147
146
145
144
143
142
141
140
139
138
137
136
135
134
133
132
131
130
129
128
127
126
125
124
123
122
121
120
119
118
117
116
115
114
113
112
111
110
109
108
107
106
105
104
103
102
101
100
99
98
97
96
95
94
93
92
91
90
89
88
87
86
85
84
83
82
81
80
79
78
77
76
75
74
73
72
71
70
69
68
67
66
65
64
63
62
61
60
59
58
57
56
55
54
53
52
51
50
49
48
47
46
45
44
43
42
41
40
39
38
37
36
35
34
33
32
31
30
29
28
27
26
25
24
23
22
21
20
19
18
17
16
15
14
13
12
11
10
9
8
7
6
5
4
3
2
1
1
1
1
1
1
195
194
193
192
191
190
189
188
187
186
185
184
183
182
181
180
179
178
177
176
175
174
173
172
171
170
169
168
167
166
165
164
163
162
161
160
159
158
157
156
155
154
153
152
151
150
149
148
147
146
145
144
143
142
141
140
139
138
137
136
135
134
133
132
131
130
129
128
127
126
125
124
123
122
121
120
119
118
117
116
115
114
113
112
111
110
109
108
107
106
105
104
103
102
101
100
99
98
97
96
95
94
93
92
91
90
89
88
87
86
85
84
83
82
81
80
79
78
77
76
75
74
73
72
71
70
69
68
67
66
65
64
63
62
61
60
59
58
57
56
55
54
53
52
51
50
49
48
47
46
45
44
43
42
41
40
39
38
37
36
35
34
33
32
31
30
29
28
27
26
25
24
23
22
21
20
19
18
17
16
15
14
13
12
11
10
9
8
7
6
5
4
3
2
1
47
46
45
44
43
42
41
40
39
38
37
36
35
34
33
32
31
30
29
28
27
26
25
24
23
22
21
20
19
18
17
16
15
14
13
12
11
10
9
8
7
6
5
4
3
2
1
0
1
3
2
1
1
0
1
0
1
0
1
24 FW page OK
23 FW page AES
23 FW page OK
22 FW page OK
21 FW page OK
20 FW page OK
19 FW page OK
18 FW page OK
17 FW page OK
16 FW page OK
15 FW page OK
14 FW page OK
13 FW page OK
12 FW page OK
11 FW page OK
10 FW page OK
9 FW page OK
8 FW page OK
7 FW page OK
6 FW page OK
5 FW page OK
4 FW page OK
3 FW page OK
2 FW page OK
1 FW page OK
0 FW full OK
45 FW page OK
44 FW page OK
43 FW page OK
42 FW page OK
41 FW page OK
40 FW page OK
39 FW page OK
38 FW page OK
37 FW page OK
36 FW page OK
35 FW page OK
34 FW page OK
33 FW page OK
32 FW page OK
31 FW page OK
30 FW page OK
29 FW page OK
28 FW page OK
27 FW page OK
26 FW page OK
25 FW page OK
24 FW page OK
23 FW page OK
22 FW page OK
21 FW page OK
20 FW page OK
19 FW page OK
18 FW page OK
17 FW page OK
16 FW page OK
15 FW page OK
14 FW page OK
13 FW page OK
12 FW page OK
11 FW page OK
10 FW page OK
9 FW page OK
8 FW page OK
7 FW page OK
6 FW page OK
5 FW page OK
4 FW page OK
3 FW page OK
2 FW page OK
1 asd
0 FW full OK
34 FW page OK
33 FW page OK
32 FW page OK
31 FW page OK
30 FW page OK
29 FW page OK
28 FW page OK
27 FW page OK
26 FW page OK
25 FW page OK
24 FW page OK
23 FW page OK
22 FW page OK
21 FW page OK
20 FW page OK
19 FW page OK
18 FW page OK
17 FW page OK
16 FW page OK
15 FW page OK
14 FW page OK
13 FW page OK
12 FW page OK
11 FW page OK
10 FW page OK
9 FW page OK
8 FW page OK
7 FW page OK
6 FW page OK
5 FW page OK
4 FW page OK
3 FW page OK
2 FW page OK
1 FW full AES
21 FW page OK
20 FW page OK
19 FW page OK
18 FW page OK
17 FW page OK
16 FW page OK
15 FW page OK
14 FW page OK
13 FW page OK
12 FW page OK
11 FW page OK
10 FW page OK
9 FW page OK
8 FW page OK
7 FW page OK
6 FW page OK
5 FW page OK
4 FW page OK
3 FW page OK
2 FW page OK
1 FW full AES
1 FW full AES
1 FW full AES
1 FW full AES
1 FW full AES
1 FW full AES
1 FW full AES
1 FW full AES
1 FW full AES
1 FW full AES
1 FW full AES
1 FW full AES
1 FW full AES
1 FW full AES
1 FW full AES
1 FW full AES
1 FW full AES
157 FW page OK
156 FW page OK
155 FW page OK
154 FW page OK
153 FW page OK
152 FW page OK
151 FW page OK
150 FW page OK
149 FW page OK
148 FW page OK
147 FW page OK
146 FW page OK
145 FW page OK
144 FW page OK
143 FW page OK
142 FW page OK
141 FW page OK
140 FW page OK
139 FW page OK
138 FW page OK
137 FW page OK
136 FW page OK
135 FW page OK
134 FW page OK
133 FW page OK
132 FW page OK
131 FW page OK
130 FW page OK
129 FW page OK
128 FW page OK
127 FW page OK
126 FW page OK
125 FW page OK
124 FW page OK
123 FW page OK
122 FW page OK
121 FW page OK
120 FW page OK
119 FW page OK
118 FW page OK
117 FW page OK
116 FW page OK
115 FW page OK
114 FW page OK
113 FW page OK
112 FW page OK
111 FW page OK
110 FW page OK
109 FW page OK
108 FW page OK
107 FW page OK
106 FW page OK
105 FW page OK
104 FW page OK
103 FW page OK
102 FW page OK
101 FW page OK
100 FW page OK
99 FW page OK
98 FW page OK
97 FW page OK
96 FW page OK
95 FW page OK
94 FW page OK
93 FW page OK
92 FW page OK
91 FW page OK
90 FW page OK
89 FW page OK
88 FW page OK
87 FW page OK
86 FW page OK
85 FW page OK
84 FW page OK
83 FW page OK
82 FW page OK
81 FW page OK
80 FW page OK
79 FW page OK
78 FW page OK
77 FW page OK
76 FW page OK
75 FW page OK
74 FW page OK
73 FW page OK
72 FW page OK
71 FW page OK
70 FW page OK
69 FW page OK
68 FW page OK
67 FW page OK
66 FW page OK
65 FW page OK
64 FW page OK
63 FW page OK
62 FW page OK
61 FW page OK
60 FW page OK
59 FW page OK
58 FW page OK
57 FW page OK
56 FW page OK
55 FW page OK
54 FW page OK
53 FW page OK
52 FW page OK
51 FW page OK
50 FW page OK
49 FW page OK
48 FW page OK
47 FW page OK
46 FW page OK
45 FW page OK
44 FW page OK
43 FW page OK
42 FW page OK
41 FW page OK
40 FW page OK
39 FW page OK
38 FW page OK
37 FW page OK
36 FW page OK
35 FW page OK
34 FW page OK
33 FW page OK
32 FW page OK
31 FW page OK
30 FW page OK
29 FW page OK
28 FW page OK
27 FW page OK
26 FW page OK
25 FW page OK
24 FW page OK
23 FW page OK
22 FW page OK
21 FW page OK
20 FW page OK
19 FW page OK
18 FW page OK
17 FW page OK
16 FW page OK
15 FW page OK
14 FW page OK
13 FW page OK
12 FW page OK
11 FW page OK
10 FW page OK
9 FW page OK
8 FW page OK
7 FW page OK
6 FW page OK
5 FW page OK
4 FW page OK
3 FW page OK
2 FW page OK
1 ass
0 ass